INFO - 2024-10-02 19:31:44,641 - logger.logging_config - main.py - line: 37 - Starting bot
INFO - 2024-10-02 19:31:46,262 - logger.logging_config - subscription_checker.py - line: 114 - Running subscription checker...
ERROR - 2024-10-02 19:31:46,644 - logger.logging_config - main.py - line: 91 - Бот завершил работу с ошибкой: At least one bot instance is required to start polling
INFO - 2024-10-02 19:31:46,644 - logger.logging_config - main.py - line: 92 - Перезапуск бота через 5 секунд...
INFO - 2024-10-02 19:31:46,647 - logger.logging_config - main.py - line: 37 - Starting bot
ERROR - 2024-10-02 19:31:47,153 - logger.logging_config - main.py - line: 91 - Бот завершил работу с ошибкой: Router is already attached to <Dispatcher '0x1ce7764b7a0'>
INFO - 2024-10-02 19:31:47,153 - logger.logging_config - main.py - line: 92 - Перезапуск бота через 5 секунд...
INFO - 2024-10-02 19:31:47,154 - logger.logging_config - main.py - line: 37 - Starting bot
ERROR - 2024-10-02 19:31:47,627 - logger.logging_config - main.py - line: 91 - Бот завершил работу с ошибкой: Router is already attached to <Dispatcher '0x1ce7764b7a0'>
INFO - 2024-10-02 19:31:47,627 - logger.logging_config - main.py - line: 92 - Перезапуск бота через 5 секунд...
INFO - 2024-10-02 19:31:47,628 - logger.logging_config - main.py - line: 37 - Starting bot
ERROR - 2024-10-02 19:31:48,101 - logger.logging_config - main.py - line: 91 - Бот завершил работу с ошибкой: Router is already attached to <Dispatcher '0x1ce7764b7a0'>
INFO - 2024-10-02 19:31:48,101 - logger.logging_config - main.py - line: 92 - Перезапуск бота через 5 секунд...
INFO - 2024-10-02 19:31:48,102 - logger.logging_config - main.py - line: 37 - Starting bot
ERROR - 2024-10-02 19:31:48,548 - logger.logging_config - main.py - line: 91 - Бот завершил работу с ошибкой: Router is already attached to <Dispatcher '0x1ce7764b7a0'>
INFO - 2024-10-02 19:31:48,549 - logger.logging_config - main.py - line: 92 - Перезапуск бота через 5 секунд...
INFO - 2024-10-02 19:31:48,550 - logger.logging_config - main.py - line: 37 - Starting bot
ERROR - 2024-10-02 19:31:49,040 - logger.logging_config - main.py - line: 91 - Бот завершил работу с ошибкой: Router is already attached to <Dispatcher '0x1ce7764b7a0'>
INFO - 2024-10-02 19:31:49,040 - logger.logging_config - main.py - line: 92 - Перезапуск бота через 5 секунд...
INFO - 2024-10-02 19:31:49,040 - logger.logging_config - main.py - line: 37 - Starting bot
ERROR - 2024-10-02 19:31:49,600 - logger.logging_config - main.py - line: 91 - Бот завершил работу с ошибкой: Router is already attached to <Dispatcher '0x1ce7764b7a0'>
INFO - 2024-10-02 19:31:49,600 - logger.logging_config - main.py - line: 92 - Перезапуск бота через 5 секунд...
INFO - 2024-10-02 19:31:49,600 - logger.logging_config - main.py - line: 37 - Starting bot
ERROR - 2024-10-02 19:31:50,159 - logger.logging_config - main.py - line: 91 - Бот завершил работу с ошибкой: Router is already attached to <Dispatcher '0x1ce7764b7a0'>
INFO - 2024-10-02 19:31:50,159 - logger.logging_config - main.py - line: 92 - Перезапуск бота через 5 секунд...
INFO - 2024-10-02 19:31:50,159 - logger.logging_config - main.py - line: 37 - Starting bot
ERROR - 2024-10-02 19:31:50,632 - logger.logging_config - main.py - line: 91 - Бот завершил работу с ошибкой: Router is already attached to <Dispatcher '0x1ce7764b7a0'>
INFO - 2024-10-02 19:31:50,632 - logger.logging_config - main.py - line: 92 - Перезапуск бота через 5 секунд...
INFO - 2024-10-02 19:31:50,633 - logger.logging_config - main.py - line: 37 - Starting bot
ERROR - 2024-10-02 19:31:51,114 - logger.logging_config - main.py - line: 91 - Бот завершил работу с ошибкой: Router is already attached to <Dispatcher '0x1ce7764b7a0'>
INFO - 2024-10-02 19:31:51,115 - logger.logging_config - main.py - line: 92 - Перезапуск бота через 5 секунд...
INFO - 2024-10-02 19:31:51,116 - logger.logging_config - main.py - line: 37 - Starting bot
ERROR - 2024-10-02 19:31:51,595 - logger.logging_config - main.py - line: 91 - Бот завершил работу с ошибкой: Router is already attached to <Dispatcher '0x1ce7764b7a0'>
INFO - 2024-10-02 19:31:51,596 - logger.logging_config - main.py - line: 92 - Перезапуск бота через 5 секунд...
INFO - 2024-10-02 19:31:51,597 - logger.logging_config - main.py - line: 37 - Starting bot
ERROR - 2024-10-02 19:31:53,133 - logger.logging_config - main.py - line: 91 - Бот завершил работу с ошибкой: Router is already attached to <Dispatcher '0x1ce7764b7a0'>
INFO - 2024-10-02 19:31:53,133 - logger.logging_config - main.py - line: 92 - Перезапуск бота через 5 секунд...
INFO - 2024-10-02 19:31:53,134 - logger.logging_config - main.py - line: 37 - Starting bot
ERROR - 2024-10-02 19:31:53,719 - logger.logging_config - main.py - line: 91 - Бот завершил работу с ошибкой: Router is already attached to <Dispatcher '0x1ce7764b7a0'>
INFO - 2024-10-02 19:31:53,720 - logger.logging_config - main.py - line: 92 - Перезапуск бота через 5 секунд...
INFO - 2024-10-02 19:31:53,720 - logger.logging_config - main.py - line: 37 - Starting bot
INFO - 2024-10-02 19:32:59,698 - logger.logging_config - main.py - line: 37 - Starting bot
INFO - 2024-10-02 19:33:00,250 - logger.logging_config - subscription_checker.py - line: 114 - Running subscription checker...
INFO - 2024-10-02 19:33:12,191 - logger.logging_config - logging_middleware.py - line: 20 - Пользователь qvvan (ID: 323993202) отправил сообщение: /subs
INFO - 2024-10-02 19:35:04,018 - logger.logging_config - main.py - line: 37 - Starting bot
INFO - 2024-10-02 19:35:04,548 - logger.logging_config - subscription_checker.py - line: 114 - Running subscription checker...
INFO - 2024-10-02 19:39:26,937 - logger.logging_config - main.py - line: 37 - Starting bot
INFO - 2024-10-02 19:39:27,543 - logger.logging_config - subscription_checker.py - line: 114 - Running subscription checker...
INFO - 2024-10-02 19:42:34,073 - logger.logging_config - main.py - line: 37 - Starting bot
INFO - 2024-10-02 19:42:34,766 - logger.logging_config - subscription_checker.py - line: 113 - Running subscription checker...
INFO - 2024-10-02 19:42:34,840 - logger.logging_config - subscriptions.py - line: 90 - Нет ни одной подписки
INFO - 2024-10-02 19:43:26,459 - logger.logging_config - main.py - line: 37 - Starting bot
INFO - 2024-10-02 19:43:26,991 - logger.logging_config - subscription_checker.py - line: 113 - Running subscription checker...
INFO - 2024-10-02 19:43:27,055 - logger.logging_config - subscriptions.py - line: 90 - Нет ни одной подписки
INFO - 2024-10-02 19:46:19,128 - logger.logging_config - main.py - line: 37 - Starting bot
INFO - 2024-10-02 19:46:19,690 - logger.logging_config - subscription_checker.py - line: 115 - Running subscription checker...
INFO - 2024-10-02 19:46:19,755 - logger.logging_config - subscriptions.py - line: 90 - Нет ни одной подписки
INFO - 2024-10-02 19:46:41,567 - logger.logging_config - main.py - line: 37 - Starting bot
INFO - 2024-10-02 19:46:42,038 - logger.logging_config - subscription_checker.py - line: 115 - Running subscription checker...
INFO - 2024-10-02 19:46:42,105 - logger.logging_config - subscriptions.py - line: 90 - Нет ни одной подписки
INFO - 2024-10-02 19:46:51,037 - logger.logging_config - logging_middleware.py - line: 20 - Пользователь qvvan (ID: 323993202) отправил сообщение: /subs
INFO - 2024-10-02 19:46:54,762 - logger.logging_config - logging_middleware.py - line: 20 - Пользователь qvvan (ID: 323993202) отправил сообщение: /support
INFO - 2024-10-02 19:46:56,746 - logger.logging_config - logging_middleware.py - line: 20 - Пользователь qvvan (ID: 323993202) отправил сообщение: /createorder
WARNING - 2024-10-02 19:46:56,806 - logger.logging_config - outline_manager.py - line: 29 - No servers found in the database.
INFO - 2024-10-02 19:46:57,890 - logger.logging_config - logging_middleware.py - line: 36 - Пользователь qvvan (ID: 323993202) нажал кнопку: cancel
INFO - 2024-10-02 19:50:04,852 - logger.logging_config - logging_middleware.py - line: 20 - Пользователь qvvan (ID: 323993202) отправил сообщение: /help
INFO - 2024-10-02 19:50:11,420 - logger.logging_config - logging_middleware.py - line: 20 - Пользователь qvvan (ID: 323993202) отправил сообщение: /add_server
INFO - 2024-10-02 19:50:21,294 - logger.logging_config - logging_middleware.py - line: 20 - Пользователь qvvan (ID: 323993202) отправил сообщение: https://185.164.163.38:35995/lnIlA5AYTo8NdmpasApr4w
INFO - 2024-10-02 19:50:27,569 - logger.logging_config - logging_middleware.py - line: 20 - Пользователь qvvan (ID: 323993202) отправил сообщение: 39FEF0C0007EE55919C873DA590835DA986E2A7A08A4934037BC85B64769609D
INFO - 2024-10-02 19:50:32,901 - logger.logging_config - logging_middleware.py - line: 20 - Пользователь qvvan (ID: 323993202) отправил сообщение: /add_key
INFO - 2024-10-02 19:50:32,981 - logger.logging_config - outline_manager.py - line: 27 - Initialized 1 servers.
INFO - 2024-10-02 19:50:34,284 - logger.logging_config - logging_middleware.py - line: 36 - Пользователь qvvan (ID: 323993202) нажал кнопку: select_server:4e87831f-ddce-48b6-8ad3-97ab238210da:0
INFO - 2024-10-02 19:50:34,377 - logger.logging_config - outline_manager.py - line: 27 - Initialized 1 servers.
INFO - 2024-10-02 19:50:36,764 - logger.logging_config - logging_middleware.py - line: 36 - Пользователь qvvan (ID: 323993202) нажал кнопку: select_server:4e87831f-ddce-48b6-8ad3-97ab238210da:0
INFO - 2024-10-02 19:50:40,038 - logger.logging_config - logging_middleware.py - line: 36 - Пользователь qvvan (ID: 323993202) нажал кнопку: select_server:4e87831f-ddce-48b6-8ad3-97ab238210da:0
INFO - 2024-10-02 19:53:10,258 - logger.logging_config - logging_middleware.py - line: 36 - Пользователь qvvan (ID: 323993202) нажал кнопку: select_server:4e87831f-ddce-48b6-8ad3-97ab238210da:0
INFO - 2024-10-02 19:53:10,786 - logger.logging_config - logging_middleware.py - line: 36 - Пользователь qvvan (ID: 323993202) нажал кнопку: select_server:4e87831f-ddce-48b6-8ad3-97ab238210da:0
INFO - 2024-10-02 19:53:10,958 - logger.logging_config - logging_middleware.py - line: 36 - Пользователь qvvan (ID: 323993202) нажал кнопку: select_server:4e87831f-ddce-48b6-8ad3-97ab238210da:0
INFO - 2024-10-02 19:53:12,648 - logger.logging_config - logging_middleware.py - line: 36 - Пользователь qvvan (ID: 323993202) нажал кнопку: select_server:4e87831f-ddce-48b6-8ad3-97ab238210da:0
INFO - 2024-10-02 19:53:13,084 - logger.logging_config - logging_middleware.py - line: 36 - Пользователь qvvan (ID: 323993202) нажал кнопку: select_server:4e87831f-ddce-48b6-8ad3-97ab238210da:0
INFO - 2024-10-02 19:53:15,676 - logger.logging_config - logging_middleware.py - line: 20 - Пользователь qvvan (ID: 323993202) отправил сообщение: /add_key
INFO - 2024-10-02 19:53:15,756 - logger.logging_config - outline_manager.py - line: 27 - Initialized 1 servers.
INFO - 2024-10-02 19:53:17,615 - logger.logging_config - logging_middleware.py - line: 36 - Пользователь qvvan (ID: 323993202) нажал кнопку: select_server:4e87831f-ddce-48b6-8ad3-97ab238210da:1
INFO - 2024-10-02 19:53:17,690 - logger.logging_config - outline_manager.py - line: 27 - Initialized 1 servers.
INFO - 2024-10-02 19:53:19,075 - logger.logging_config - logging_middleware.py - line: 36 - Пользователь qvvan (ID: 323993202) нажал кнопку: select_server:4e87831f-ddce-48b6-8ad3-97ab238210da:1
INFO - 2024-10-02 19:53:19,895 - logger.logging_config - logging_middleware.py - line: 36 - Пользователь qvvan (ID: 323993202) нажал кнопку: select_server:4e87831f-ddce-48b6-8ad3-97ab238210da:1
INFO - 2024-10-02 19:53:26,228 - logger.logging_config - main.py - line: 37 - Starting bot
INFO - 2024-10-02 19:53:26,874 - logger.logging_config - subscription_checker.py - line: 115 - Running subscription checker...
INFO - 2024-10-02 19:53:26,925 - logger.logging_config - subscriptions.py - line: 90 - Нет ни одной подписки
INFO - 2024-10-02 19:53:27,989 - logger.logging_config - logging_middleware.py - line: 20 - Пользователь qvvan (ID: 323993202) отправил сообщение: /add_key
INFO - 2024-10-02 19:53:28,145 - logger.logging_config - outline_manager.py - line: 27 - Initialized 1 servers.
INFO - 2024-10-02 19:53:29,446 - logger.logging_config - logging_middleware.py - line: 36 - Пользователь qvvan (ID: 323993202) нажал кнопку: select_server:4e87831f-ddce-48b6-8ad3-97ab238210da:2
INFO - 2024-10-02 19:53:29,517 - logger.logging_config - outline_manager.py - line: 27 - Initialized 1 servers.
INFO - 2024-10-02 19:53:30,859 - logger.logging_config - logging_middleware.py - line: 36 - Пользователь qvvan (ID: 323993202) нажал кнопку: select_server:4e87831f-ddce-48b6-8ad3-97ab238210da:2
INFO - 2024-10-02 19:53:30,931 - logger.logging_config - outline_manager.py - line: 27 - Initialized 1 servers.
INFO - 2024-10-02 19:53:33,607 - logger.logging_config - logging_middleware.py - line: 36 - Пользователь qvvan (ID: 323993202) нажал кнопку: select_server:4e87831f-ddce-48b6-8ad3-97ab238210da:2
INFO - 2024-10-02 19:53:33,701 - logger.logging_config - outline_manager.py - line: 27 - Initialized 1 servers.
INFO - 2024-10-02 19:53:36,469 - logger.logging_config - logging_middleware.py - line: 20 - Пользователь qvvan (ID: 323993202) отправил сообщение: /createorder
INFO - 2024-10-02 19:53:36,549 - logger.logging_config - outline_manager.py - line: 27 - Initialized 1 servers.
INFO - 2024-10-02 19:53:48,015 - logger.logging_config - logging_middleware.py - line: 36 - Пользователь qvvan (ID: 323993202) нажал кнопку: select_server:4e87831f-ddce-48b6-8ad3-97ab238210da:5
INFO - 2024-10-02 19:53:49,863 - logger.logging_config - logging_middleware.py - line: 36 - Пользователь qvvan (ID: 323993202) нажал кнопку: service:1:4e87831f-ddce-48b6-8ad3-97ab238210da
INFO - 2024-10-02 19:55:08,439 - logger.logging_config - main.py - line: 37 - Starting bot
INFO - 2024-10-02 19:55:08,902 - logger.logging_config - subscription_checker.py - line: 115 - Running subscription checker...
INFO - 2024-10-02 19:55:08,955 - logger.logging_config - subscriptions.py - line: 90 - Нет ни одной подписки
INFO - 2024-10-02 19:55:11,498 - logger.logging_config - logging_middleware.py - line: 20 - Пользователь qvvan (ID: 323993202) отправил сообщение: /createorder
INFO - 2024-10-02 19:55:11,560 - logger.logging_config - outline_manager.py - line: 27 - Initialized 1 servers.
INFO - 2024-10-02 19:55:12,978 - logger.logging_config - logging_middleware.py - line: 36 - Пользователь qvvan (ID: 323993202) нажал кнопку: select_server:4e87831f-ddce-48b6-8ad3-97ab238210da:5
INFO - 2024-10-02 19:55:14,357 - logger.logging_config - logging_middleware.py - line: 36 - Пользователь qvvan (ID: 323993202) нажал кнопку: service:1:4e87831f-ddce-48b6-8ad3-97ab238210da
INFO - 2024-10-02 19:55:22,359 - logger.logging_config - logging_middleware.py - line: 20 - Пользователь qvvan (ID: 323993202) отправил сообщение: /createorder
INFO - 2024-10-02 19:55:22,455 - logger.logging_config - outline_manager.py - line: 27 - Initialized 1 servers.
INFO - 2024-10-02 19:55:23,684 - logger.logging_config - logging_middleware.py - line: 36 - Пользователь qvvan (ID: 323993202) нажал кнопку: select_server:4e87831f-ddce-48b6-8ad3-97ab238210da:5
INFO - 2024-10-02 19:55:25,010 - logger.logging_config - logging_middleware.py - line: 36 - Пользователь qvvan (ID: 323993202) нажал кнопку: service:1:4e87831f-ddce-48b6-8ad3-97ab238210da
INFO - 2024-10-02 19:55:45,163 - logger.logging_config - main.py - line: 37 - Starting bot
INFO - 2024-10-02 19:55:45,642 - logger.logging_config - subscription_checker.py - line: 115 - Running subscription checker...
INFO - 2024-10-02 19:55:45,710 - logger.logging_config - subscriptions.py - line: 90 - Нет ни одной подписки
INFO - 2024-10-02 19:55:46,381 - logger.logging_config - logging_middleware.py - line: 20 - Пользователь qvvan (ID: 323993202) отправил сообщение: /createorder
INFO - 2024-10-02 19:55:46,439 - logger.logging_config - outline_manager.py - line: 27 - Initialized 1 servers.
INFO - 2024-10-02 19:55:53,208 - logger.logging_config - logging_middleware.py - line: 36 - Пользователь qvvan (ID: 323993202) нажал кнопку: select_server:4e87831f-ddce-48b6-8ad3-97ab238210da:5
INFO - 2024-10-02 19:55:55,341 - logger.logging_config - logging_middleware.py - line: 36 - Пользователь qvvan (ID: 323993202) нажал кнопку: service:1:4e87831f-ddce-48b6-8ad3-97ab238210da
INFO - 2024-10-02 19:55:58,306 - logger.logging_config - logging_middleware.py - line: 20 - Пользователь qvvan (ID: 323993202) отправил сообщение: None
INFO - 2024-10-02 19:55:58,486 - logger.logging_config - logging_middleware.py - line: 20 - Пользователь qvvan (ID: 323993202) отправил сообщение: None
INFO - 2024-10-02 19:55:58,555 - logger.logging_config - services.py - line: 17 - Transaction started for adding user and service.
INFO - 2024-10-02 19:55:58,629 - logger.logging_config - outline_manager.py - line: 27 - Initialized 1 servers.
ERROR - 2024-10-02 19:55:59,585 - logger.logging_config - send_sms_admins.py - line: 22 - Failed to send notification to group -4541906203: Telegram server says - Bad Request: chat not found
INFO - 2024-10-02 19:56:07,744 - logger.logging_config - logging_middleware.py - line: 20 - Пользователь qvvan (ID: 323993202) отправил сообщение: /subs
INFO - 2024-10-02 19:56:45,565 - logger.logging_config - main.py - line: 37 - Starting bot
INFO - 2024-10-02 19:56:46,038 - logger.logging_config - subscription_checker.py - line: 115 - Running subscription checker...
INFO - 2024-10-02 19:56:56,403 - logger.logging_config - logging_middleware.py - line: 20 - Пользователь qvvan (ID: 323993202) отправил сообщение: /subs
INFO - 2024-10-02 19:56:58,277 - logger.logging_config - logging_middleware.py - line: 20 - Пользователь qvvan (ID: 323993202) отправил сообщение: /createorder
INFO - 2024-10-02 19:56:58,342 - logger.logging_config - outline_manager.py - line: 27 - Initialized 1 servers.
INFO - 2024-10-02 19:57:04,704 - logger.logging_config - logging_middleware.py - line: 20 - Пользователь qvvan (ID: 323993202) отправил сообщение: /support
INFO - 2024-10-02 19:57:17,190 - logger.logging_config - main.py - line: 37 - Starting bot
INFO - 2024-10-02 19:57:17,739 - logger.logging_config - subscription_checker.py - line: 115 - Running subscription checker...
INFO - 2024-10-02 19:57:23,056 - logger.logging_config - logging_middleware.py - line: 20 - Пользователь qvvan (ID: 323993202) отправил сообщение: /subs
INFO - 2024-10-02 19:57:26,742 - logger.logging_config - logging_middleware.py - line: 20 - Пользователь qvvan (ID: 323993202) отправил сообщение: /support
INFO - 2024-10-02 19:57:28,110 - logger.logging_config - logging_middleware.py - line: 36 - Пользователь qvvan (ID: 323993202) нажал кнопку: install_guide
INFO - 2024-10-02 19:57:29,017 - logger.logging_config - logging_middleware.py - line: 36 - Пользователь qvvan (ID: 323993202) нажал кнопку: low_speed
INFO - 2024-10-02 19:57:29,818 - logger.logging_config - logging_middleware.py - line: 36 - Пользователь qvvan (ID: 323993202) нажал кнопку: vpn_issue
INFO - 2024-10-02 19:58:18,317 - logger.logging_config - main.py - line: 37 - Starting bot
INFO - 2024-10-02 19:58:18,869 - logger.logging_config - subscription_checker.py - line: 115 - Running subscription checker...
INFO - 2024-10-02 19:58:24,009 - logger.logging_config - subscription_checker.py - line: 115 - Running subscription checker...
INFO - 2024-10-02 19:58:29,138 - logger.logging_config - subscription_checker.py - line: 115 - Running subscription checker...
INFO - 2024-10-02 19:58:34,281 - logger.logging_config - subscription_checker.py - line: 115 - Running subscription checker...
INFO - 2024-10-02 19:58:39,432 - logger.logging_config - subscription_checker.py - line: 115 - Running subscription checker...
INFO - 2024-10-02 19:58:44,604 - logger.logging_config - subscription_checker.py - line: 115 - Running subscription checker...
INFO - 2024-10-02 19:58:49,780 - logger.logging_config - subscription_checker.py - line: 115 - Running subscription checker...
INFO - 2024-10-02 19:58:54,959 - logger.logging_config - subscription_checker.py - line: 115 - Running subscription checker...
INFO - 2024-10-02 19:59:00,128 - logger.logging_config - subscription_checker.py - line: 115 - Running subscription checker...
INFO - 2024-10-02 19:59:05,277 - logger.logging_config - subscription_checker.py - line: 115 - Running subscription checker...
INFO - 2024-10-02 19:59:10,433 - logger.logging_config - subscription_checker.py - line: 115 - Running subscription checker...
INFO - 2024-10-02 19:59:15,591 - logger.logging_config - subscription_checker.py - line: 115 - Running subscription checker...
INFO - 2024-10-02 19:59:20,779 - logger.logging_config - subscription_checker.py - line: 115 - Running subscription checker...
INFO - 2024-10-02 19:59:20,958 - logger.logging_config - outline_manager.py - line: 27 - Initialized 1 servers.
INFO - 2024-10-02 19:59:21,372 - logger.logging_config - subscription_checker.py - line: 88 - Подписка 16 истекла. Ключ 18 заблокирован.
INFO - 2024-10-02 19:59:26,384 - logger.logging_config - subscription_checker.py - line: 115 - Running subscription checker...
INFO - 2024-10-02 19:59:26,551 - logger.logging_config - outline_manager.py - line: 27 - Initialized 1 servers.
ERROR - 2024-10-02 19:59:26,554 - logger.logging_config - subscription_checker.py - line: 93 - Ключ уже заблокирован
INFO - 2024-10-02 19:59:31,561 - logger.logging_config - subscription_checker.py - line: 115 - Running subscription checker...
INFO - 2024-10-02 19:59:31,719 - logger.logging_config - outline_manager.py - line: 27 - Initialized 1 servers.
ERROR - 2024-10-02 19:59:31,722 - logger.logging_config - subscription_checker.py - line: 93 - Ключ уже заблокирован
INFO - 2024-10-02 19:59:36,731 - logger.logging_config - subscription_checker.py - line: 115 - Running subscription checker...
INFO - 2024-10-02 19:59:36,907 - logger.logging_config - outline_manager.py - line: 27 - Initialized 1 servers.
ERROR - 2024-10-02 19:59:36,909 - logger.logging_config - subscription_checker.py - line: 93 - Ключ уже заблокирован
INFO - 2024-10-02 19:59:37,052 - logger.logging_config - logging_middleware.py - line: 20 - Пользователь qvvan (ID: 323993202) отправил сообщение: /subs
INFO - 2024-10-02 19:59:41,919 - logger.logging_config - subscription_checker.py - line: 115 - Running subscription checker...
INFO - 2024-10-02 19:59:42,164 - logger.logging_config - outline_manager.py - line: 27 - Initialized 1 servers.
ERROR - 2024-10-02 19:59:42,167 - logger.logging_config - subscription_checker.py - line: 93 - Ключ уже заблокирован
INFO - 2024-10-02 19:59:47,178 - logger.logging_config - subscription_checker.py - line: 115 - Running subscription checker...
INFO - 2024-10-02 19:59:47,396 - logger.logging_config - outline_manager.py - line: 27 - Initialized 1 servers.
ERROR - 2024-10-02 19:59:47,399 - logger.logging_config - subscription_checker.py - line: 93 - Ключ уже заблокирован
INFO - 2024-10-02 19:59:52,426 - logger.logging_config - subscription_checker.py - line: 115 - Running subscription checker...
INFO - 2024-10-02 19:59:52,606 - logger.logging_config - outline_manager.py - line: 27 - Initialized 1 servers.
ERROR - 2024-10-02 19:59:52,609 - logger.logging_config - subscription_checker.py - line: 93 - Ключ уже заблокирован
INFO - 2024-10-02 19:59:57,625 - logger.logging_config - subscription_checker.py - line: 115 - Running subscription checker...
INFO - 2024-10-02 19:59:57,770 - logger.logging_config - outline_manager.py - line: 27 - Initialized 1 servers.
ERROR - 2024-10-02 19:59:57,772 - logger.logging_config - subscription_checker.py - line: 93 - Ключ уже заблокирован
INFO - 2024-10-02 20:00:02,786 - logger.logging_config - subscription_checker.py - line: 115 - Running subscription checker...
INFO - 2024-10-02 20:00:02,958 - logger.logging_config - outline_manager.py - line: 27 - Initialized 1 servers.
ERROR - 2024-10-02 20:00:02,962 - logger.logging_config - subscription_checker.py - line: 93 - Ключ уже заблокирован
INFO - 2024-10-02 20:00:08,009 - logger.logging_config - subscription_checker.py - line: 115 - Running subscription checker...
INFO - 2024-10-02 20:00:08,235 - logger.logging_config - outline_manager.py - line: 27 - Initialized 1 servers.
ERROR - 2024-10-02 20:00:08,238 - logger.logging_config - subscription_checker.py - line: 93 - Ключ уже заблокирован
INFO - 2024-10-02 20:00:13,248 - logger.logging_config - subscription_checker.py - line: 115 - Running subscription checker...
INFO - 2024-10-02 20:00:13,409 - logger.logging_config - outline_manager.py - line: 27 - Initialized 1 servers.
ERROR - 2024-10-02 20:00:13,412 - logger.logging_config - subscription_checker.py - line: 93 - Ключ уже заблокирован
INFO - 2024-10-02 20:00:18,425 - logger.logging_config - subscription_checker.py - line: 115 - Running subscription checker...
INFO - 2024-10-02 20:00:18,593 - logger.logging_config - outline_manager.py - line: 27 - Initialized 1 servers.
ERROR - 2024-10-02 20:00:18,595 - logger.logging_config - subscription_checker.py - line: 93 - Ключ уже заблокирован
INFO - 2024-10-02 20:01:16,422 - logger.logging_config - main.py - line: 37 - Starting bot
INFO - 2024-10-02 20:01:17,028 - logger.logging_config - subscription_checker.py - line: 115 - Running subscription checker...
INFO - 2024-10-02 20:01:20,719 - logger.logging_config - logging_middleware.py - line: 20 - Пользователь qvvan (ID: 323993202) отправил сообщение: /subs
INFO - 2024-10-02 20:01:22,121 - logger.logging_config - subscription_checker.py - line: 115 - Running subscription checker...
INFO - 2024-10-02 20:01:22,124 - logger.logging_config - logging_middleware.py - line: 36 - Пользователь qvvan (ID: 323993202) нажал кнопку: subscription:extend_subscription:16
INFO - 2024-10-02 20:01:24,520 - logger.logging_config - logging_middleware.py - line: 36 - Пользователь qvvan (ID: 323993202) нажал кнопку: subscription:extend_with_key:16
ERROR - 2024-10-02 20:01:24,612 - logger.logging_config - subs.py - line: 116 - Произошла ошибка: 'RowMapping' object has no attribute 'price'
INFO - 2024-10-02 20:01:27,261 - logger.logging_config - subscription_checker.py - line: 115 - Running subscription checker...
INFO - 2024-10-02 20:01:27,786 - logger.logging_config - logging_middleware.py - line: 36 - Пользователь qvvan (ID: 323993202) нажал кнопку: subscription:new_order:16
INFO - 2024-10-02 20:01:29,246 - logger.logging_config - logging_middleware.py - line: 36 - Пользователь qvvan (ID: 323993202) нажал кнопку: subscription:extend_with_key:16
ERROR - 2024-10-02 20:01:29,342 - logger.logging_config - subs.py - line: 116 - Произошла ошибка: 'RowMapping' object has no attribute 'price'
INFO - 2024-10-02 20:01:32,419 - logger.logging_config - subscription_checker.py - line: 115 - Running subscription checker...
INFO - 2024-10-02 20:01:37,547 - logger.logging_config - subscription_checker.py - line: 115 - Running subscription checker...
INFO - 2024-10-02 20:01:42,699 - logger.logging_config - subscription_checker.py - line: 115 - Running subscription checker...
INFO - 2024-10-02 20:01:47,938 - logger.logging_config - subscription_checker.py - line: 115 - Running subscription checker...
INFO - 2024-10-02 20:01:53,111 - logger.logging_config - subscription_checker.py - line: 115 - Running subscription checker...
INFO - 2024-10-02 20:01:58,248 - logger.logging_config - subscription_checker.py - line: 115 - Running subscription checker...
INFO - 2024-10-02 20:02:03,390 - logger.logging_config - subscription_checker.py - line: 115 - Running subscription checker...
INFO - 2024-10-02 20:02:08,487 - logger.logging_config - subscription_checker.py - line: 115 - Running subscription checker...
INFO - 2024-10-02 20:02:15,681 - logger.logging_config - main.py - line: 37 - Starting bot
INFO - 2024-10-02 20:02:16,234 - logger.logging_config - subscription_checker.py - line: 115 - Running subscription checker...
INFO - 2024-10-02 20:02:20,622 - logger.logging_config - logging_middleware.py - line: 20 - Пользователь qvvan (ID: 323993202) отправил сообщение: /subs
INFO - 2024-10-02 20:02:21,369 - logger.logging_config - subscription_checker.py - line: 115 - Running subscription checker...
INFO - 2024-10-02 20:02:21,889 - logger.logging_config - logging_middleware.py - line: 36 - Пользователь qvvan (ID: 323993202) нажал кнопку: subscription:extend_subscription:16
INFO - 2024-10-02 20:02:22,898 - logger.logging_config - logging_middleware.py - line: 36 - Пользователь qvvan (ID: 323993202) нажал кнопку: subscription:extend_with_key:16
INFO - 2024-10-02 20:02:26,485 - logger.logging_config - subscription_checker.py - line: 115 - Running subscription checker...
INFO - 2024-10-02 20:02:31,657 - logger.logging_config - subscription_checker.py - line: 115 - Running subscription checker...
INFO - 2024-10-02 20:02:36,794 - logger.logging_config - subscription_checker.py - line: 115 - Running subscription checker...
INFO - 2024-10-02 20:02:41,934 - logger.logging_config - subscription_checker.py - line: 115 - Running subscription checker...
INFO - 2024-10-02 20:02:47,120 - logger.logging_config - subscription_checker.py - line: 115 - Running subscription checker...
INFO - 2024-10-02 20:02:52,149 - logger.logging_config - main.py - line: 37 - Starting bot
INFO - 2024-10-02 20:02:52,859 - logger.logging_config - subscription_checker.py - line: 115 - Running subscription checker...
INFO - 2024-10-02 20:02:58,000 - logger.logging_config - subscription_checker.py - line: 115 - Running subscription checker...
INFO - 2024-10-02 20:02:58,257 - logger.logging_config - logging_middleware.py - line: 20 - Пользователь qvvan (ID: 323993202) отправил сообщение: /subs
INFO - 2024-10-02 20:02:59,478 - logger.logging_config - logging_middleware.py - line: 36 - Пользователь qvvan (ID: 323993202) нажал кнопку: subscription:extend_subscription:16
INFO - 2024-10-02 20:03:00,294 - logger.logging_config - logging_middleware.py - line: 36 - Пользователь qvvan (ID: 323993202) нажал кнопку: subscription:extend_with_key:16
ERROR - 2024-10-02 20:03:00,387 - logger.logging_config - subs.py - line: 116 - Произошла ошибка: 'RowMapping' object has no attribute 'price'
INFO - 2024-10-02 20:03:03,118 - logger.logging_config - subscription_checker.py - line: 115 - Running subscription checker...
INFO - 2024-10-02 20:03:08,224 - logger.logging_config - subscription_checker.py - line: 115 - Running subscription checker...
INFO - 2024-10-02 20:03:13,356 - logger.logging_config - subscription_checker.py - line: 115 - Running subscription checker...
INFO - 2024-10-02 20:03:18,483 - logger.logging_config - subscription_checker.py - line: 115 - Running subscription checker...
INFO - 2024-10-02 20:03:23,589 - logger.logging_config - subscription_checker.py - line: 115 - Running subscription checker...
INFO - 2024-10-02 20:03:28,716 - logger.logging_config - subscription_checker.py - line: 115 - Running subscription checker...
INFO - 2024-10-02 20:03:33,838 - logger.logging_config - subscription_checker.py - line: 115 - Running subscription checker...
INFO - 2024-10-02 20:03:38,975 - logger.logging_config - subscription_checker.py - line: 115 - Running subscription checker...
INFO - 2024-10-02 20:03:44,090 - logger.logging_config - subscription_checker.py - line: 115 - Running subscription checker...
INFO - 2024-10-02 20:03:49,230 - logger.logging_config - subscription_checker.py - line: 115 - Running subscription checker...
INFO - 2024-10-02 20:03:54,368 - logger.logging_config - subscription_checker.py - line: 115 - Running subscription checker...
INFO - 2024-10-02 20:03:59,495 - logger.logging_config - subscription_checker.py - line: 115 - Running subscription checker...
INFO - 2024-10-02 20:04:04,624 - logger.logging_config - subscription_checker.py - line: 115 - Running subscription checker...
INFO - 2024-10-02 20:04:09,738 - logger.logging_config - subscription_checker.py - line: 115 - Running subscription checker...
INFO - 2024-10-02 20:04:14,897 - logger.logging_config - subscription_checker.py - line: 115 - Running subscription checker...
INFO - 2024-10-02 20:04:20,021 - logger.logging_config - subscription_checker.py - line: 115 - Running subscription checker...
INFO - 2024-10-02 20:04:25,143 - logger.logging_config - subscription_checker.py - line: 115 - Running subscription checker...
INFO - 2024-10-02 20:04:26,502 - logger.logging_config - logging_middleware.py - line: 36 - Пользователь qvvan (ID: 323993202) нажал кнопку: subscription:extend_with_key:16
ERROR - 2024-10-02 20:04:26,571 - logger.logging_config - subs.py - line: 116 - Произошла ошибка: 'RowMapping' object has no attribute 'price'
INFO - 2024-10-02 20:04:30,264 - logger.logging_config - subscription_checker.py - line: 115 - Running subscription checker...
INFO - 2024-10-02 20:04:35,407 - logger.logging_config - subscription_checker.py - line: 115 - Running subscription checker...
INFO - 2024-10-02 20:04:40,538 - logger.logging_config - subscription_checker.py - line: 115 - Running subscription checker...
INFO - 2024-10-02 20:04:45,702 - logger.logging_config - subscription_checker.py - line: 115 - Running subscription checker...
INFO - 2024-10-02 20:04:50,805 - logger.logging_config - subscription_checker.py - line: 115 - Running subscription checker...
INFO - 2024-10-02 20:04:55,937 - logger.logging_config - subscription_checker.py - line: 115 - Running subscription checker...
INFO - 2024-10-02 20:05:01,068 - logger.logging_config - subscription_checker.py - line: 115 - Running subscription checker...
INFO - 2024-10-02 20:05:04,900 - logger.logging_config - main.py - line: 37 - Starting bot
INFO - 2024-10-02 20:05:05,452 - logger.logging_config - subscription_checker.py - line: 115 - Running subscription checker...
INFO - 2024-10-02 20:05:10,581 - logger.logging_config - subscription_checker.py - line: 115 - Running subscription checker...
INFO - 2024-10-02 20:05:14,005 - logger.logging_config - logging_middleware.py - line: 20 - Пользователь qvvan (ID: 323993202) отправил сообщение: /subs
INFO - 2024-10-02 20:05:15,372 - logger.logging_config - logging_middleware.py - line: 36 - Пользователь qvvan (ID: 323993202) нажал кнопку: subscription:extend_subscription:16
INFO - 2024-10-02 20:05:15,697 - logger.logging_config - subscription_checker.py - line: 115 - Running subscription checker...
INFO - 2024-10-02 20:05:16,365 - logger.logging_config - logging_middleware.py - line: 36 - Пользователь qvvan (ID: 323993202) нажал кнопку: subscription:extend_with_key:16
ERROR - 2024-10-02 20:05:16,417 - logger.logging_config - subs.py - line: 117 - Произошла ошибка: 'RowMapping' object has no attribute 'price'
ERROR - 2024-10-02 20:05:17,353 - logger.logging_config - send_sms_admins.py - line: 22 - Failed to send notification to group -4569673828: Telegram server says - Bad Request: chat not found
INFO - 2024-10-02 20:05:20,828 - logger.logging_config - subscription_checker.py - line: 115 - Running subscription checker...
INFO - 2024-10-02 20:05:25,951 - logger.logging_config - subscription_checker.py - line: 115 - Running subscription checker...
INFO - 2024-10-02 20:05:26,258 - logger.logging_config - logging_middleware.py - line: 36 - Пользователь qvvan (ID: 323993202) нажал кнопку: subscription:extend_with_key:16
ERROR - 2024-10-02 20:05:26,310 - logger.logging_config - subs.py - line: 117 - Произошла ошибка: 'RowMapping' object has no attribute 'price'
ERROR - 2024-10-02 20:05:27,091 - logger.logging_config - send_sms_admins.py - line: 22 - Failed to send notification to group -4569673828: Telegram server says - Bad Request: chat not found
INFO - 2024-10-02 20:05:31,057 - logger.logging_config - subscription_checker.py - line: 115 - Running subscription checker...
INFO - 2024-10-02 20:05:36,177 - logger.logging_config - subscription_checker.py - line: 115 - Running subscription checker...
INFO - 2024-10-02 20:05:41,318 - logger.logging_config - subscription_checker.py - line: 115 - Running subscription checker...
INFO - 2024-10-02 20:05:49,284 - logger.logging_config - main.py - line: 37 - Starting bot
INFO - 2024-10-02 20:05:49,839 - logger.logging_config - subscription_checker.py - line: 115 - Running subscription checker...
INFO - 2024-10-02 20:05:51,231 - logger.logging_config - logging_middleware.py - line: 36 - Пользователь qvvan (ID: 323993202) нажал кнопку: subscription:extend_with_key:16
INFO - 2024-10-02 20:05:54,944 - logger.logging_config - subscription_checker.py - line: 115 - Running subscription checker...
INFO - 2024-10-02 20:06:21,211 - logger.logging_config - main.py - line: 37 - Starting bot
INFO - 2024-10-02 20:06:21,691 - logger.logging_config - subscription_checker.py - line: 115 - Running subscription checker...
INFO - 2024-10-02 20:06:26,833 - logger.logging_config - subscription_checker.py - line: 115 - Running subscription checker...
INFO - 2024-10-02 20:06:31,948 - logger.logging_config - subscription_checker.py - line: 115 - Running subscription checker...
INFO - 2024-10-02 20:06:37,247 - logger.logging_config - subscription_checker.py - line: 115 - Running subscription checker...
INFO - 2024-10-02 20:06:42,511 - logger.logging_config - subscription_checker.py - line: 115 - Running subscription checker...
INFO - 2024-10-02 20:06:47,677 - logger.logging_config - subscription_checker.py - line: 115 - Running subscription checker...
INFO - 2024-10-02 20:06:52,919 - logger.logging_config - subscription_checker.py - line: 115 - Running subscription checker...
INFO - 2024-10-02 20:06:58,092 - logger.logging_config - subscription_checker.py - line: 115 - Running subscription checker...
INFO - 2024-10-02 20:07:03,257 - logger.logging_config - subscription_checker.py - line: 115 - Running subscription checker...
INFO - 2024-10-02 20:07:08,365 - logger.logging_config - subscription_checker.py - line: 115 - Running subscription checker...
INFO - 2024-10-02 20:07:13,478 - logger.logging_config - subscription_checker.py - line: 115 - Running subscription checker...
INFO - 2024-10-02 20:07:17,518 - logger.logging_config - main.py - line: 37 - Starting bot
INFO - 2024-10-02 20:07:17,987 - logger.logging_config - subscription_checker.py - line: 115 - Running subscription checker...
INFO - 2024-10-02 20:07:20,060 - logger.logging_config - logging_middleware.py - line: 20 - Пользователь qvvan (ID: 323993202) отправил сообщение: /subs
INFO - 2024-10-02 20:07:21,156 - logger.logging_config - logging_middleware.py - line: 36 - Пользователь qvvan (ID: 323993202) нажал кнопку: subscription:extend_subscription:16
INFO - 2024-10-02 20:07:22,208 - logger.logging_config - logging_middleware.py - line: 36 - Пользователь qvvan (ID: 323993202) нажал кнопку: subscription:extend_with_key:16
INFO - 2024-10-02 20:07:23,103 - logger.logging_config - subscription_checker.py - line: 115 - Running subscription checker...
INFO - 2024-10-02 20:07:24,829 - logger.logging_config - logging_middleware.py - line: 20 - Пользователь qvvan (ID: 323993202) отправил сообщение: None
INFO - 2024-10-02 20:07:24,913 - logger.logging_config - subs.py - line: 123 - Transaction started for adding user and service.
INFO - 2024-10-02 20:07:24,982 - logger.logging_config - outline_manager.py - line: 27 - Initialized 1 servers.
INFO - 2024-10-02 20:07:25,154 - logger.logging_config - logging_middleware.py - line: 20 - Пользователь qvvan (ID: 323993202) отправил сообщение: None
ERROR - 2024-10-02 20:07:26,042 - logger.logging_config - send_sms_admins.py - line: 22 - Failed to send notification to group -4541906203: Telegram server says - Bad Request: chat not found
INFO - 2024-10-02 20:07:28,210 - logger.logging_config - subscription_checker.py - line: 115 - Running subscription checker...
INFO - 2024-10-02 20:07:33,375 - logger.logging_config - subscription_checker.py - line: 115 - Running subscription checker...
INFO - 2024-10-02 20:07:38,504 - logger.logging_config - subscription_checker.py - line: 115 - Running subscription checker...
INFO - 2024-10-02 20:07:43,621 - logger.logging_config - subscription_checker.py - line: 115 - Running subscription checker...
INFO - 2024-10-02 20:07:48,741 - logger.logging_config - subscription_checker.py - line: 115 - Running subscription checker...
INFO - 2024-10-02 20:07:53,883 - logger.logging_config - subscription_checker.py - line: 115 - Running subscription checker...
INFO - 2024-10-02 20:07:59,016 - logger.logging_config - subscription_checker.py - line: 115 - Running subscription checker...
INFO - 2024-10-02 20:08:04,148 - logger.logging_config - subscription_checker.py - line: 115 - Running subscription checker...
INFO - 2024-10-02 20:08:09,275 - logger.logging_config - subscription_checker.py - line: 115 - Running subscription checker...
INFO - 2024-10-02 20:08:14,403 - logger.logging_config - subscription_checker.py - line: 115 - Running subscription checker...
INFO - 2024-10-02 20:08:18,540 - logger.logging_config - main.py - line: 37 - Starting bot
INFO - 2024-10-02 20:08:19,100 - logger.logging_config - subscription_checker.py - line: 115 - Running subscription checker...
INFO - 2024-10-02 20:08:19,350 - logger.logging_config - logging_middleware.py - line: 36 - Пользователь qvvan (ID: 323993202) нажал кнопку: subscription:extend_with_key:16
INFO - 2024-10-02 20:08:21,964 - logger.logging_config - logging_middleware.py - line: 36 - Пользователь qvvan (ID: 323993202) нажал кнопку: subscription:extend_with_key:16
INFO - 2024-10-02 20:08:24,223 - logger.logging_config - subscription_checker.py - line: 115 - Running subscription checker...
INFO - 2024-10-02 20:08:29,361 - logger.logging_config - subscription_checker.py - line: 115 - Running subscription checker...
INFO - 2024-10-02 20:08:34,504 - logger.logging_config - subscription_checker.py - line: 115 - Running subscription checker...
INFO - 2024-10-02 20:08:39,643 - logger.logging_config - subscription_checker.py - line: 115 - Running subscription checker...
INFO - 2024-10-02 20:08:44,749 - logger.logging_config - subscription_checker.py - line: 115 - Running subscription checker...
INFO - 2024-10-02 20:08:51,836 - logger.logging_config - main.py - line: 37 - Starting bot
INFO - 2024-10-02 20:08:52,296 - logger.logging_config - subscription_checker.py - line: 115 - Running subscription checker...
INFO - 2024-10-02 20:08:57,160 - logger.logging_config - logging_middleware.py - line: 36 - Пользователь qvvan (ID: 323993202) нажал кнопку: subscription:extend_with_key:16
INFO - 2024-10-02 20:08:57,421 - logger.logging_config - subscription_checker.py - line: 115 - Running subscription checker...
INFO - 2024-10-02 20:09:00,882 - logger.logging_config - logging_middleware.py - line: 20 - Пользователь qvvan (ID: 323993202) отправил сообщение: /subs
INFO - 2024-10-02 20:09:02,558 - logger.logging_config - subscription_checker.py - line: 115 - Running subscription checker...
INFO - 2024-10-02 20:09:07,721 - logger.logging_config - subscription_checker.py - line: 115 - Running subscription checker...
INFO - 2024-10-02 20:09:12,892 - logger.logging_config - subscription_checker.py - line: 115 - Running subscription checker...
INFO - 2024-10-02 20:09:18,065 - logger.logging_config - subscription_checker.py - line: 115 - Running subscription checker...
INFO - 2024-10-02 20:09:23,210 - logger.logging_config - subscription_checker.py - line: 115 - Running subscription checker...
INFO - 2024-10-02 20:09:28,371 - logger.logging_config - subscription_checker.py - line: 115 - Running subscription checker...
INFO - 2024-10-02 20:09:33,527 - logger.logging_config - subscription_checker.py - line: 115 - Running subscription checker...
INFO - 2024-10-02 20:09:38,709 - logger.logging_config - subscription_checker.py - line: 115 - Running subscription checker...
INFO - 2024-10-02 20:09:43,881 - logger.logging_config - subscription_checker.py - line: 115 - Running subscription checker...
INFO - 2024-10-02 20:09:49,054 - logger.logging_config - subscription_checker.py - line: 115 - Running subscription checker...
INFO - 2024-10-02 20:09:54,222 - logger.logging_config - subscription_checker.py - line: 115 - Running subscription checker...
INFO - 2024-10-02 20:09:59,397 - logger.logging_config - subscription_checker.py - line: 115 - Running subscription checker...
INFO - 2024-10-02 20:10:04,523 - logger.logging_config - subscription_checker.py - line: 115 - Running subscription checker...
INFO - 2024-10-02 20:10:09,657 - logger.logging_config - subscription_checker.py - line: 115 - Running subscription checker...
INFO - 2024-10-02 20:10:14,763 - logger.logging_config - subscription_checker.py - line: 115 - Running subscription checker...
INFO - 2024-10-02 20:10:19,955 - logger.logging_config - subscription_checker.py - line: 115 - Running subscription checker...
INFO - 2024-10-02 20:10:25,081 - logger.logging_config - subscription_checker.py - line: 115 - Running subscription checker...
INFO - 2024-10-02 20:10:33,157 - logger.logging_config - main.py - line: 37 - Starting bot
INFO - 2024-10-02 20:10:33,726 - logger.logging_config - subscription_checker.py - line: 117 - Running subscription checker...
INFO - 2024-10-02 20:10:38,843 - logger.logging_config - subscription_checker.py - line: 117 - Running subscription checker...
INFO - 2024-10-02 20:10:43,971 - logger.logging_config - subscription_checker.py - line: 117 - Running subscription checker...
INFO - 2024-10-02 20:11:11,236 - logger.logging_config - main.py - line: 37 - Starting bot
INFO - 2024-10-02 20:11:11,706 - logger.logging_config - subscription_checker.py - line: 117 - Running subscription checker...
INFO - 2024-10-02 20:11:12,123 - logger.logging_config - subscription_checker.py - line: 68 - Подписка 16 истечет через 3 дня. Ключ 18 будет заблокирован.
INFO - 2024-10-02 20:11:17,137 - logger.logging_config - subscription_checker.py - line: 117 - Running subscription checker...
INFO - 2024-10-02 20:11:17,408 - logger.logging_config - subscription_checker.py - line: 68 - Подписка 16 истечет через 3 дня. Ключ 18 будет заблокирован.
INFO - 2024-10-02 20:11:22,417 - logger.logging_config - subscription_checker.py - line: 117 - Running subscription checker...
INFO - 2024-10-02 20:11:22,692 - logger.logging_config - subscription_checker.py - line: 68 - Подписка 16 истечет через 3 дня. Ключ 18 будет заблокирован.
INFO - 2024-10-02 20:11:27,698 - logger.logging_config - subscription_checker.py - line: 117 - Running subscription checker...
INFO - 2024-10-02 20:11:27,950 - logger.logging_config - subscription_checker.py - line: 68 - Подписка 16 истечет через 3 дня. Ключ 18 будет заблокирован.
INFO - 2024-10-02 20:11:32,956 - logger.logging_config - subscription_checker.py - line: 117 - Running subscription checker...
INFO - 2024-10-02 20:11:33,432 - logger.logging_config - subscription_checker.py - line: 68 - Подписка 16 истечет через 3 дня. Ключ 18 будет заблокирован.
INFO - 2024-10-02 20:15:57,652 - logger.logging_config - main.py - line: 37 - Starting bot
INFO - 2024-10-02 20:15:59,228 - logger.logging_config - subscription_checker.py - line: 117 - Running subscription checker...
INFO - 2024-10-02 20:16:04,348 - logger.logging_config - subscription_checker.py - line: 117 - Running subscription checker...
INFO - 2024-10-02 20:16:23,363 - logger.logging_config - main.py - line: 37 - Starting bot
INFO - 2024-10-02 20:16:23,859 - logger.logging_config - subscription_checker.py - line: 117 - Running subscription checker...
INFO - 2024-10-02 20:16:24,153 - logger.logging_config - subscription_checker.py - line: 68 - Подписка 16 истечет через 3 дня. Ключ 18 будет заблокирован.
INFO - 2024-10-02 20:16:29,157 - logger.logging_config - subscription_checker.py - line: 117 - Running subscription checker...
INFO - 2024-10-02 20:16:34,273 - logger.logging_config - subscription_checker.py - line: 117 - Running subscription checker...
INFO - 2024-10-02 20:16:39,393 - logger.logging_config - subscription_checker.py - line: 117 - Running subscription checker...
INFO - 2024-10-02 20:16:44,531 - logger.logging_config - subscription_checker.py - line: 117 - Running subscription checker...
INFO - 2024-10-02 20:16:49,633 - logger.logging_config - subscription_checker.py - line: 117 - Running subscription checker...
INFO - 2024-10-02 20:16:54,789 - logger.logging_config - subscription_checker.py - line: 117 - Running subscription checker...
INFO - 2024-10-02 20:16:59,958 - logger.logging_config - subscription_checker.py - line: 117 - Running subscription checker...
INFO - 2024-10-02 20:17:05,087 - logger.logging_config - subscription_checker.py - line: 117 - Running subscription checker...
INFO - 2024-10-02 20:17:10,216 - logger.logging_config - subscription_checker.py - line: 117 - Running subscription checker...
INFO - 2024-10-02 20:17:15,331 - logger.logging_config - subscription_checker.py - line: 117 - Running subscription checker...
INFO - 2024-10-02 20:17:20,468 - logger.logging_config - subscription_checker.py - line: 117 - Running subscription checker...
INFO - 2024-10-02 20:17:25,580 - logger.logging_config - subscription_checker.py - line: 117 - Running subscription checker...
INFO - 2024-10-02 20:17:25,755 - logger.logging_config - outline_manager.py - line: 27 - Initialized 1 servers.
INFO - 2024-10-02 20:17:26,134 - logger.logging_config - subscription_checker.py - line: 90 - Подписка 16 истекла. Ключ 18 заблокирован.
INFO - 2024-10-02 20:17:31,145 - logger.logging_config - subscription_checker.py - line: 117 - Running subscription checker...
INFO - 2024-10-02 20:17:36,254 - logger.logging_config - subscription_checker.py - line: 117 - Running subscription checker...
INFO - 2024-10-02 20:17:41,391 - logger.logging_config - subscription_checker.py - line: 117 - Running subscription checker...
INFO - 2024-10-02 20:17:46,529 - logger.logging_config - subscription_checker.py - line: 117 - Running subscription checker...
INFO - 2024-10-02 20:17:51,627 - logger.logging_config - subscription_checker.py - line: 117 - Running subscription checker...
INFO - 2024-10-02 20:17:56,756 - logger.logging_config - subscription_checker.py - line: 117 - Running subscription checker...
INFO - 2024-10-02 20:18:01,884 - logger.logging_config - subscription_checker.py - line: 117 - Running subscription checker...
INFO - 2024-10-02 20:18:07,008 - logger.logging_config - subscription_checker.py - line: 117 - Running subscription checker...
INFO - 2024-10-02 20:18:12,128 - logger.logging_config - subscription_checker.py - line: 117 - Running subscription checker...
INFO - 2024-10-02 20:18:17,268 - logger.logging_config - subscription_checker.py - line: 117 - Running subscription checker...
INFO - 2024-10-02 20:18:22,456 - logger.logging_config - subscription_checker.py - line: 117 - Running subscription checker...
INFO - 2024-10-02 20:18:27,624 - logger.logging_config - subscription_checker.py - line: 117 - Running subscription checker...
INFO - 2024-10-02 20:18:32,759 - logger.logging_config - subscription_checker.py - line: 117 - Running subscription checker...
INFO - 2024-10-02 20:18:37,891 - logger.logging_config - subscription_checker.py - line: 117 - Running subscription checker...
INFO - 2024-10-02 20:18:43,013 - logger.logging_config - subscription_checker.py - line: 117 - Running subscription checker...
INFO - 2024-10-02 20:18:48,164 - logger.logging_config - subscription_checker.py - line: 117 - Running subscription checker...
INFO - 2024-10-02 20:18:48,339 - logger.logging_config - outline_manager.py - line: 27 - Initialized 1 servers.
INFO - 2024-10-02 20:18:48,508 - logger.logging_config - subscription_checker.py - line: 107 - Подписка 16 полностью удалена. Ключ 18 удалён.
INFO - 2024-10-02 20:18:53,528 - logger.logging_config - subscription_checker.py - line: 117 - Running subscription checker...
INFO - 2024-10-02 20:18:53,598 - logger.logging_config - subscriptions.py - line: 91 - Нет ни одной подписки
INFO - 2024-10-02 20:18:57,630 - logger.logging_config - logging_middleware.py - line: 20 - Пользователь qvvan (ID: 323993202) отправил сообщение: /subs
INFO - 2024-10-02 20:18:58,600 - logger.logging_config - subscription_checker.py - line: 117 - Running subscription checker...
INFO - 2024-10-02 20:18:58,693 - logger.logging_config - subscriptions.py - line: 91 - Нет ни одной подписки
INFO - 2024-10-02 20:19:03,708 - logger.logging_config - subscription_checker.py - line: 117 - Running subscription checker...
INFO - 2024-10-02 20:19:03,804 - logger.logging_config - subscriptions.py - line: 91 - Нет ни одной подписки
INFO - 2024-10-02 20:19:08,815 - logger.logging_config - subscription_checker.py - line: 117 - Running subscription checker...
INFO - 2024-10-02 20:19:08,903 - logger.logging_config - subscriptions.py - line: 91 - Нет ни одной подписки
INFO - 2024-10-02 20:19:13,917 - logger.logging_config - subscription_checker.py - line: 117 - Running subscription checker...
INFO - 2024-10-02 20:19:14,016 - logger.logging_config - subscriptions.py - line: 91 - Нет ни одной подписки
INFO - 2024-10-02 20:19:19,014 - logger.logging_config - subscription_checker.py - line: 117 - Running subscription checker...
INFO - 2024-10-02 20:19:19,103 - logger.logging_config - subscriptions.py - line: 91 - Нет ни одной подписки
INFO - 2024-10-02 20:19:24,106 - logger.logging_config - subscription_checker.py - line: 117 - Running subscription checker...
INFO - 2024-10-02 20:19:24,201 - logger.logging_config - subscriptions.py - line: 91 - Нет ни одной подписки
INFO - 2024-10-02 20:19:29,227 - logger.logging_config - subscription_checker.py - line: 117 - Running subscription checker...
INFO - 2024-10-02 20:19:29,314 - logger.logging_config - subscriptions.py - line: 91 - Нет ни одной подписки
INFO - 2024-10-02 20:19:34,327 - logger.logging_config - subscription_checker.py - line: 117 - Running subscription checker...
INFO - 2024-10-02 20:19:34,380 - logger.logging_config - subscriptions.py - line: 91 - Нет ни одной подписки
INFO - 2024-10-02 20:19:39,387 - logger.logging_config - subscription_checker.py - line: 117 - Running subscription checker...
INFO - 2024-10-02 20:19:39,570 - logger.logging_config - subscriptions.py - line: 91 - Нет ни одной подписки
INFO - 2024-10-02 20:19:44,560 - logger.logging_config - subscription_checker.py - line: 117 - Running subscription checker...
INFO - 2024-10-02 20:19:44,647 - logger.logging_config - subscriptions.py - line: 91 - Нет ни одной подписки
INFO - 2024-10-02 20:19:49,637 - logger.logging_config - subscription_checker.py - line: 117 - Running subscription checker...
INFO - 2024-10-02 20:19:49,702 - logger.logging_config - subscriptions.py - line: 91 - Нет ни одной подписки
INFO - 2024-10-02 20:19:51,044 - logger.logging_config - logging_middleware.py - line: 20 - Пользователь qvvan (ID: 323993202) отправил сообщение: /createorder
INFO - 2024-10-02 20:19:51,109 - logger.logging_config - outline_manager.py - line: 27 - Initialized 1 servers.
INFO - 2024-10-02 20:19:54,718 - logger.logging_config - subscription_checker.py - line: 117 - Running subscription checker...
INFO - 2024-10-02 20:19:54,776 - logger.logging_config - subscriptions.py - line: 91 - Нет ни одной подписки
INFO - 2024-10-02 20:19:59,777 - logger.logging_config - subscription_checker.py - line: 117 - Running subscription checker...
INFO - 2024-10-02 20:19:59,860 - logger.logging_config - subscriptions.py - line: 91 - Нет ни одной подписки
INFO - 2024-10-02 20:20:01,374 - logger.logging_config - logging_middleware.py - line: 20 - Пользователь qvvan (ID: 323993202) отправил сообщение: /createorder
INFO - 2024-10-02 20:20:01,456 - logger.logging_config - outline_manager.py - line: 27 - Initialized 1 servers.
INFO - 2024-10-02 20:20:04,876 - logger.logging_config - subscription_checker.py - line: 117 - Running subscription checker...
INFO - 2024-10-02 20:20:04,977 - logger.logging_config - subscriptions.py - line: 91 - Нет ни одной подписки
INFO - 2024-10-02 20:20:06,969 - logger.logging_config - logging_middleware.py - line: 20 - Пользователь qvvan (ID: 323993202) отправил сообщение: /add_key
INFO - 2024-10-02 20:20:07,050 - logger.logging_config - outline_manager.py - line: 27 - Initialized 1 servers.
INFO - 2024-10-02 20:20:08,434 - logger.logging_config - logging_middleware.py - line: 36 - Пользователь qvvan (ID: 323993202) нажал кнопку: select_server:4e87831f-ddce-48b6-8ad3-97ab238210da:0
INFO - 2024-10-02 20:20:08,528 - logger.logging_config - outline_manager.py - line: 27 - Initialized 1 servers.
INFO - 2024-10-02 20:20:09,993 - logger.logging_config - subscription_checker.py - line: 117 - Running subscription checker...
INFO - 2024-10-02 20:20:10,085 - logger.logging_config - subscriptions.py - line: 91 - Нет ни одной подписки
INFO - 2024-10-02 20:20:10,739 - logger.logging_config - logging_middleware.py - line: 20 - Пользователь qvvan (ID: 323993202) отправил сообщение: /createorder
INFO - 2024-10-02 20:20:10,835 - logger.logging_config - outline_manager.py - line: 27 - Initialized 1 servers.
INFO - 2024-10-02 20:20:12,442 - logger.logging_config - logging_middleware.py - line: 36 - Пользователь qvvan (ID: 323993202) нажал кнопку: select_server:4e87831f-ddce-48b6-8ad3-97ab238210da:1
INFO - 2024-10-02 20:20:14,104 - logger.logging_config - logging_middleware.py - line: 36 - Пользователь qvvan (ID: 323993202) нажал кнопку: service:1:4e87831f-ddce-48b6-8ad3-97ab238210da
INFO - 2024-10-02 20:20:15,090 - logger.logging_config - subscription_checker.py - line: 117 - Running subscription checker...
INFO - 2024-10-02 20:20:15,177 - logger.logging_config - subscriptions.py - line: 91 - Нет ни одной подписки
INFO - 2024-10-02 20:20:19,630 - logger.logging_config - logging_middleware.py - line: 20 - Пользователь qvvan (ID: 323993202) отправил сообщение: None
INFO - 2024-10-02 20:20:19,911 - logger.logging_config - services.py - line: 17 - Transaction started for adding user and service.
INFO - 2024-10-02 20:20:20,010 - logger.logging_config - logging_middleware.py - line: 20 - Пользователь qvvan (ID: 323993202) отправил сообщение: None
INFO - 2024-10-02 20:20:20,011 - logger.logging_config - outline_manager.py - line: 27 - Initialized 1 servers.
INFO - 2024-10-02 20:20:20,191 - logger.logging_config - subscription_checker.py - line: 117 - Running subscription checker...
INFO - 2024-10-02 20:20:20,263 - logger.logging_config - subscriptions.py - line: 91 - Нет ни одной подписки
ERROR - 2024-10-02 20:20:21,659 - logger.logging_config - send_sms_admins.py - line: 22 - Failed to send notification to group -4541906203: Telegram server says - Bad Request: chat not found
INFO - 2024-10-02 20:20:25,285 - logger.logging_config - subscription_checker.py - line: 117 - Running subscription checker...
INFO - 2024-10-02 20:20:30,458 - logger.logging_config - subscription_checker.py - line: 117 - Running subscription checker...
INFO - 2024-10-02 20:20:35,627 - logger.logging_config - subscription_checker.py - line: 117 - Running subscription checker...
INFO - 2024-10-02 20:20:40,767 - logger.logging_config - subscription_checker.py - line: 117 - Running subscription checker...
INFO - 2024-10-02 20:20:45,937 - logger.logging_config - subscription_checker.py - line: 117 - Running subscription checker...
INFO - 2024-10-02 20:20:46,235 - logger.logging_config - outline_manager.py - line: 27 - Initialized 1 servers.
INFO - 2024-10-02 20:20:46,426 - logger.logging_config - subscription_checker.py - line: 107 - Подписка 17 полностью удалена. Ключ 23 удалён.
INFO - 2024-10-02 20:20:51,258 - logger.logging_config - logging_middleware.py - line: 20 - Пользователь qvvan (ID: 323993202) отправил сообщение: /subs
INFO - 2024-10-02 20:20:51,418 - logger.logging_config - subscription_checker.py - line: 117 - Running subscription checker...
INFO - 2024-10-02 20:20:51,465 - logger.logging_config - subscriptions.py - line: 91 - Нет ни одной подписки
INFO - 2024-10-02 20:20:56,475 - logger.logging_config - subscription_checker.py - line: 117 - Running subscription checker...
INFO - 2024-10-02 20:20:56,591 - logger.logging_config - subscriptions.py - line: 91 - Нет ни одной подписки
INFO - 2024-10-02 20:21:01,592 - logger.logging_config - subscription_checker.py - line: 117 - Running subscription checker...
INFO - 2024-10-02 20:21:01,673 - logger.logging_config - subscriptions.py - line: 91 - Нет ни одной подписки
INFO - 2024-10-02 20:21:06,678 - logger.logging_config - subscription_checker.py - line: 117 - Running subscription checker...
INFO - 2024-10-02 20:21:06,775 - logger.logging_config - subscriptions.py - line: 91 - Нет ни одной подписки
INFO - 2024-10-02 20:21:06,868 - logger.logging_config - logging_middleware.py - line: 20 - Пользователь qvvan (ID: 323993202) отправил сообщение: /add_key
INFO - 2024-10-02 20:21:06,949 - logger.logging_config - outline_manager.py - line: 27 - Initialized 1 servers.
INFO - 2024-10-02 20:21:08,455 - logger.logging_config - logging_middleware.py - line: 36 - Пользователь qvvan (ID: 323993202) нажал кнопку: select_server:4e87831f-ddce-48b6-8ad3-97ab238210da:0
INFO - 2024-10-02 20:21:08,531 - logger.logging_config - outline_manager.py - line: 27 - Initialized 1 servers.
INFO - 2024-10-02 20:21:11,071 - logger.logging_config - logging_middleware.py - line: 20 - Пользователь qvvan (ID: 323993202) отправил сообщение: /createorder
INFO - 2024-10-02 20:21:11,150 - logger.logging_config - outline_manager.py - line: 27 - Initialized 1 servers.
INFO - 2024-10-02 20:21:11,799 - logger.logging_config - subscription_checker.py - line: 117 - Running subscription checker...
INFO - 2024-10-02 20:21:11,871 - logger.logging_config - subscriptions.py - line: 91 - Нет ни одной подписки
INFO - 2024-10-02 20:21:12,443 - logger.logging_config - logging_middleware.py - line: 36 - Пользователь qvvan (ID: 323993202) нажал кнопку: select_server:4e87831f-ddce-48b6-8ad3-97ab238210da:1
INFO - 2024-10-02 20:21:13,923 - logger.logging_config - logging_middleware.py - line: 36 - Пользователь qvvan (ID: 323993202) нажал кнопку: service:2:4e87831f-ddce-48b6-8ad3-97ab238210da
INFO - 2024-10-02 20:21:16,895 - logger.logging_config - subscription_checker.py - line: 117 - Running subscription checker...
INFO - 2024-10-02 20:21:16,986 - logger.logging_config - subscriptions.py - line: 91 - Нет ни одной подписки
INFO - 2024-10-02 20:21:17,980 - logger.logging_config - logging_middleware.py - line: 20 - Пользователь qvvan (ID: 323993202) отправил сообщение: None
INFO - 2024-10-02 20:21:18,273 - logger.logging_config - logging_middleware.py - line: 20 - Пользователь qvvan (ID: 323993202) отправил сообщение: None
INFO - 2024-10-02 20:21:18,343 - logger.logging_config - services.py - line: 17 - Transaction started for adding user and service.
INFO - 2024-10-02 20:21:18,415 - logger.logging_config - outline_manager.py - line: 27 - Initialized 1 servers.
ERROR - 2024-10-02 20:21:19,376 - logger.logging_config - send_sms_admins.py - line: 22 - Failed to send notification to group -4541906203: Telegram server says - Bad Request: chat not found
INFO - 2024-10-02 20:21:21,197 - logger.logging_config - logging_middleware.py - line: 20 - Пользователь qvvan (ID: 323993202) отправил сообщение: /subs
INFO - 2024-10-02 20:21:21,994 - logger.logging_config - subscription_checker.py - line: 117 - Running subscription checker...
INFO - 2024-10-02 20:21:27,158 - logger.logging_config - subscription_checker.py - line: 117 - Running subscription checker...
INFO - 2024-10-02 20:21:32,317 - logger.logging_config - subscription_checker.py - line: 117 - Running subscription checker...
INFO - 2024-10-02 20:21:37,485 - logger.logging_config - subscription_checker.py - line: 117 - Running subscription checker...
INFO - 2024-10-02 20:21:42,667 - logger.logging_config - subscription_checker.py - line: 117 - Running subscription checker...
INFO - 2024-10-02 20:21:42,898 - logger.logging_config - outline_manager.py - line: 27 - Initialized 1 servers.
INFO - 2024-10-02 20:21:43,077 - logger.logging_config - subscription_checker.py - line: 107 - Подписка 18 полностью удалена. Ключ 24 удалён.
INFO - 2024-10-02 20:21:48,089 - logger.logging_config - subscription_checker.py - line: 117 - Running subscription checker...
INFO - 2024-10-02 20:21:48,152 - logger.logging_config - subscriptions.py - line: 91 - Нет ни одной подписки
INFO - 2024-10-02 20:21:53,159 - logger.logging_config - subscription_checker.py - line: 117 - Running subscription checker...
INFO - 2024-10-02 20:21:53,215 - logger.logging_config - subscriptions.py - line: 91 - Нет ни одной подписки
INFO - 2024-10-02 20:21:58,233 - logger.logging_config - subscription_checker.py - line: 117 - Running subscription checker...
INFO - 2024-10-02 20:21:58,313 - logger.logging_config - subscriptions.py - line: 91 - Нет ни одной подписки
INFO - 2024-10-02 20:22:03,316 - logger.logging_config - subscription_checker.py - line: 117 - Running subscription checker...
INFO - 2024-10-02 20:22:03,413 - logger.logging_config - subscriptions.py - line: 91 - Нет ни одной подписки
INFO - 2024-10-02 20:22:06,778 - logger.logging_config - logging_middleware.py - line: 20 - Пользователь qvvan (ID: 323993202) отправил сообщение: /subs
INFO - 2024-10-02 20:22:08,401 - logger.logging_config - subscription_checker.py - line: 117 - Running subscription checker...
INFO - 2024-10-02 20:22:08,500 - logger.logging_config - subscriptions.py - line: 91 - Нет ни одной подписки
INFO - 2024-10-02 20:22:13,509 - logger.logging_config - subscription_checker.py - line: 117 - Running subscription checker...
INFO - 2024-10-02 20:22:13,562 - logger.logging_config - subscriptions.py - line: 91 - Нет ни одной подписки
